Microsoft (R) Macro Assembler Version 14.12.25831.0	    05/16/19 00:02:46
AsmSource.asm						     Page 1 - 1


				.386
				.MODEL FLAT
 00000000			.DATA
 00000000			.CODE
				;-----------Function definitions--------------------
 00000000			@Sum@8 PROC
 00000000  8B C1			mov eax,ecx   
 00000002  03 C2			add eax, edx
 00000004  C3				ret
 00000005			@Sum@8 ENDP

 00000005			@Subtraction@8 PROC
 00000005  8B C1			mov eax,ecx   
 00000007  2B C2			sub eax, edx
 00000009  C3				ret
 0000000A			@Subtraction@8 ENDP

 0000000A			@Multiplication@8 PROC
 0000000A  8B C1			mov eax,ecx 
 0000000C  F7 EA			imul edx
 0000000E  C3				ret
 0000000F			@Multiplication@8 ENDP

 0000000F			@Division@8 PROC
 0000000F  8B C1			mov eax,ecx 
 00000011  8B CA			mov ecx,edx 
 00000013  99				cdq
 00000014  F7 F9			idiv ecx   
 00000016  C3				ret
 00000017			@Division@8 ENDP

 00000017			@Remainder@8 PROC
 00000017  8B C1			mov eax,ecx 
 00000019  8B CA			mov ecx,edx 
 0000001B  99				cdq
 0000001C  F7 F9			idiv ecx   
 0000001E  8B C2			mov eax, edx
 00000020  C3				ret
 00000021			@Remainder@8 ENDP
				END
 
Microsoft (R) Macro Assembler Version 14.12.25831.0	    05/16/19 00:02:46
AsmSource.asm						     Symbols 2 - 1




Segments and Groups:

                N a m e                 Size     Length   Align   Combine Class

FLAT . . . . . . . . . . . . . .	GROUP
_DATA  . . . . . . . . . . . . .	32 Bit	 00000000 DWord	  Public  'DATA'	
_TEXT  . . . . . . . . . . . . .	32 Bit	 00000021 DWord	  Public  'CODE'	


Procedures, parameters, and locals:

                N a m e                 Type     Value    Attr

@Division@8  . . . . . . . . . .	P Near	 0000000F _TEXT	Length= 00000008 Public
@Multiplication@8  . . . . . . .	P Near	 0000000A _TEXT	Length= 00000005 Public
@Remainder@8 . . . . . . . . . .	P Near	 00000017 _TEXT	Length= 0000000A Public
@Subtraction@8 . . . . . . . . .	P Near	 00000005 _TEXT	Length= 00000005 Public
@Sum@8 . . . . . . . . . . . . .	P Near	 00000000 _TEXT	Length= 00000005 Public


Symbols:

                N a m e                 Type     Value    Attr

@CodeSize  . . . . . . . . . . .	Number	 00000000h   
@DataSize  . . . . . . . . . . .	Number	 00000000h   
@Interface . . . . . . . . . . .	Number	 00000000h   
@Model . . . . . . . . . . . . .	Number	 00000007h   
@code  . . . . . . . . . . . . .	Text   	 _TEXT
@data  . . . . . . . . . . . . .	Text   	 FLAT
@fardata?  . . . . . . . . . . .	Text   	 FLAT
@fardata . . . . . . . . . . . .	Text   	 FLAT
@stack . . . . . . . . . . . . .	Text   	 FLAT

	   0 Warnings
	   0 Errors
