#
# There is insufficient memory for the Java Runtime Environment to continue.
# Native memory allocation (mmap) failed to map 62914560 bytes for Failed to commit area from 0x00000000c4800000 to 0x00000000c8400000 of length 62914560.
# Possible reasons:
#   The system is out of physical RAM or swap space
#   The process is running with CompressedOops enabled, and the Java Heap may be blocking the growth of the native heap
# Possible solutions:
#   Reduce memory load on the system
#   Increase physical memory or swap space
#   Check if swap backing store is full
#   Decrease Java heap size (-Xmx/-Xms)
#   Decrease number of Java threads
#   Decrease Java thread stack sizes (-Xss)
#   Set larger code cache with -XX:ReservedCodeCacheSize=
# This output file may be truncated or incomplete.
#
#  Out of Memory Error (t:/workspace/open/src/hotspot/os/windows/os_windows.cpp:3301), pid=16484, tid=6284
#
# JRE version:  (13.0+33) (build )
# Java VM: Java HotSpot(TM) 64-Bit Server VM (13+33, mixed mode, aot, sharing, tiered, compressed oops, g1 gc, windows-amd64)
# No core dump will be written. Minidumps are not enabled by default on client versions of Windows
#

---------------  S U M M A R Y ------------

Command Line: -Dfile.encoding=Cp1251 lab1.Starter

Host: Intel(R) Core(TM) i3-5005U CPU @ 2.00GHz, 4 cores, 3G,  Windows 10 , 64 bit Build 18362 (10.0.18362.1082)
Time: Mon Sep 14 02:00:33 2020 RTZ 2 (ceia) elapsed time: 0 seconds (0d 0h 0m 0s)

---------------  T H R E A D  ---------------

Current thread (0x0000017934d5c000):  JavaThread "Unknown thread" [_thread_in_vm, id=6284, stack(0x0000006afc300000,0x0000006afc400000)]

Stack: [0x0000006afc300000,0x0000006afc400000]
Native frames: (J=compiled Java code, j=interpreted, Vv=VM code, C=native code)
V  [jvm.dll+0x626eaa]
V  [jvm.dll+0x772c4a]
V  [jvm.dll+0x7743ff]
V  [jvm.dll+0x774a03]
V  [jvm.dll+0x24da38]
V  [jvm.dll+0x62436a]
V  [jvm.dll+0x618f55]
V  [jvm.dll+0x30c5fc]
V  [jvm.dll+0x30c432]
V  [jvm.dll+0x311ba6]
V  [jvm.dll+0x355cc6]
V  [jvm.dll+0x3554a0]
V  [jvm.dll+0x2e727a]
V  [jvm.dll+0x2e8512]
V  [jvm.dll+0x74fcb8]
V  [jvm.dll+0x363719]
V  [jvm.dll+0x732da5]
V  [jvm.dll+0x3ce2cf]
V  [jvm.dll+0x3d05f1]
C  [jli.dll+0x51ff]
C  [ucrtbase.dll+0x20e82]
C  [KERNEL32.DLL+0x17bd4]
C  [ntdll.dll+0x6ce51]


---------------  P R O C E S S  ---------------

Threads class SMR info:
_java_thread_list=0x00007fff497946b8, length=0, elements={
}

Java Threads: ( => current thread )

Other Threads:
  0x0000017934d8e800 GCTaskThread "GC Thread#0" [stack: 0x0000006afc400000,0x0000006afc500000] [id=15352]
  0x0000017934d99000 ConcurrentGCThread "G1 Main Marker" [stack: 0x0000006afc500000,0x0000006afc600000] [id=17064]
  0x0000017934d9a800 ConcurrentGCThread "G1 Conc#0" [stack: 0x0000006afc600000,0x0000006afc700000] [id=1968]

[error occurred during error reporting (printing all threads), id 0xc0000005, EXCEPTION_ACCESS_VIOLATION (0xc0000005) at pc=0x00007fff48fc6f47]

VM state:not at safepoint (not fully initialized)

VM Mutex/Monitor currently owned by a thread:  ([mutex/lock_event])
[0x0000017934d58cd0] Heap_lock - owner thread: 0x0000017934d5c000

Heap address: 0x00000000c4800000, size: 952 MB, Compressed Oops mode: Non-zero based: 0x00000000c4800000
Narrow klass base: 0x0000000000000000, Narrow klass shift: 0

GC Heap History (0 events):
No events

Deoptimization events (0 events):
No events

Classes unloaded (0 events):
No events

Classes redefined (0 events):
No events

Internal exceptions (0 events):
No events

Events (8 events):
Event: 0.017 Loaded shared library D:\Java\jdk-13\bin\zip.dll
Event: 0.018 Loaded shared library D:\Java\jdk-13\bin\jimage.dll
Event: 0.022 Loading shared library D:\Java\jdk-13\lib\libjava.base-coop.dll failed, error code 126
Event: 0.022 Loading shared library D:\Java\jdk-13\lib\libjava.logging-coop.dll failed, error code 126
Event: 0.022 Loading shared library D:\Java\jdk-13\lib\libjdk.compiler-coop.dll failed, error code 126
Event: 0.022 Loading shared library D:\Java\jdk-13\lib\libjdk.scripting.nashorn-coop.dll failed, error code 126
Event: 0.022 Loading shared library D:\Java\jdk-13\lib\libjdk.internal.vm.ci-coop.dll failed, error code 126
Event: 0.022 Loading shared library D:\Java\jdk-13\lib\libjdk.internal.vm.compiler-coop.dll failed, error code 126


Dynamic libraries:
0x00007ff77f3a0000 - 0x00007ff77f3af000 	D:\Java\jdk-13\bin\javaw.exe
0x00007fff77280000 - 0x00007fff77470000 	C:\WINDOWS\SYSTEM32\ntdll.dll
0x00007fff75330000 - 0x00007fff753e2000 	C:\WINDOWS\System32\KERNEL32.DLL
0x00007fff74530000 - 0x00007fff747d5000 	C:\WINDOWS\System32\KERNELBASE.dll
0x00007fff747e0000 - 0x00007fff748da000 	C:\WINDOWS\System32\ucrtbase.dll
0x00007fff6bd10000 - 0x00007fff6bd25000 	D:\Java\jdk-13\bin\VCRUNTIME140.dll
0x00007fff6f570000 - 0x00007fff6f588000 	D:\Java\jdk-13\bin\jli.dll
0x00007fff75ce0000 - 0x00007fff75d83000 	C:\WINDOWS\System32\ADVAPI32.dll
0x00007fff76df0000 - 0x00007fff76e8e000 	C:\WINDOWS\System32\msvcrt.dll
0x00007fff75e40000 - 0x00007fff75ed7000 	C:\WINDOWS\System32\sechost.dll
0x00007fff76550000 - 0x00007fff76670000 	C:\WINDOWS\System32\RPCRT4.dll
0x00007fff75b40000 - 0x00007fff75cd5000 	C:\WINDOWS\System32\USER32.dll
0x00007fff74900000 - 0x00007fff74921000 	C:\WINDOWS\System32\win32u.dll
0x00007fff76670000 - 0x00007fff76696000 	C:\WINDOWS\System32\GDI32.dll
0x00007fff750b0000 - 0x00007fff75246000 	C:\WINDOWS\System32\gdi32full.dll
0x00007fff6e210000 - 0x00007fff6e494000 	C:\WINDOWS\WinSxS\amd64_microsoft.windows.common-controls_6595b64144ccf1df_6.0.18362.1082_none_9e8193e1e45b25c1\COMCTL32.dll
0x00007fff743b0000 - 0x00007fff7444e000 	C:\WINDOWS\System32\msvcp_win.dll
0x00007fff75f70000 - 0x00007fff762a5000 	C:\WINDOWS\System32\combase.dll
0x00007fff752b0000 - 0x00007fff75330000 	C:\WINDOWS\System32\bcryptPrimitives.dll
0x00007fff6b550000 - 0x00007fff6b55a000 	C:\WINDOWS\SYSTEM32\VERSION.dll
0x00007fff75630000 - 0x00007fff7565e000 	C:\WINDOWS\System32\IMM32.DLL
0x00007fff59200000 - 0x00007fff5929b000 	D:\Java\jdk-13\bin\msvcp140.dll
0x00007fff48cd0000 - 0x00007fff49836000 	D:\Java\jdk-13\bin\server\jvm.dll
0x00007fff77150000 - 0x00007fff77158000 	C:\WINDOWS\System32\PSAPI.DLL
0x00007fff63980000 - 0x00007fff63989000 	C:\WINDOWS\SYSTEM32\WSOCK32.dll
0x00007fff762b0000 - 0x00007fff7631f000 	C:\WINDOWS\System32\WS2_32.dll
0x00007fff659f0000 - 0x00007fff65a14000 	C:\WINDOWS\SYSTEM32\WINMM.dll
0x00007fff659b0000 - 0x00007fff659dd000 	C:\WINDOWS\SYSTEM32\WINMMBASE.dll
0x00007fff74360000 - 0x00007fff743aa000 	C:\WINDOWS\System32\cfgmgr32.dll
0x00007fff74150000 - 0x00007fff74161000 	C:\WINDOWS\System32\kernel.appcore.dll
0x00007fff6b560000 - 0x00007fff6b570000 	D:\Java\jdk-13\bin\verify.dll
0x00007fff6c0e0000 - 0x00007fff6c2d4000 	C:\WINDOWS\SYSTEM32\DBGHELP.DLL
0x00007fff6c480000 - 0x00007fff6c4aa000 	C:\WINDOWS\SYSTEM32\dbgcore.DLL
0x00007fff5b830000 - 0x00007fff5b856000 	D:\Java\jdk-13\bin\java.dll
0x00007fff5d4d0000 - 0x00007fff5d4e7000 	D:\Java\jdk-13\bin\zip.dll
0x00007fff66a60000 - 0x00007fff66a6a000 	D:\Java\jdk-13\bin\jimage.dll

dbghelp: loaded successfully - version: 4.0.5 - missing functions: none
symbol engine: initialized successfully - sym options: 0x614 - pdb path: .;D:\Java\jdk-13\bin;C:\WINDOWS\SYSTEM32;C:\WINDOWS\WinSxS\amd64_microsoft.windows.common-controls_6595b64144ccf1df_6.0.18362.1082_none_9e8193e1e45b25c1;D:\Java\jdk-13\bin\server

VM Arguments:
jvm_args: -Dfile.encoding=Cp1251 
java_command: lab1.Starter
java_class_path (initial): D:\”Õ»¬≈–\Sem5_programming\Lab 1 (14.09.2020)\bin
Launcher Type: SUN_STANDARD

[Global flags]
     intx CICompilerCount                          = 3                                         {product} {ergonomic}
     uint ConcGCThreads                            = 1                                         {product} {ergonomic}
     uint G1ConcRefinementThreads                  = 4                                         {product} {ergonomic}
   size_t G1HeapRegionSize                         = 1048576                                   {product} {ergonomic}
    uintx GCDrainStackTargetSize                   = 64                                        {product} {ergonomic}
   size_t InitialHeapSize                          = 62914560                                  {product} {ergonomic}
   size_t MarkStackSize                            = 4194304                                   {product} {ergonomic}
   size_t MaxHeapSize                              = 998244352                                 {product} {ergonomic}
   size_t MinHeapDeltaBytes                        = 1048576                                   {product} {ergonomic}
   size_t MinHeapSize                              = 8388608                                   {product} {ergonomic}
    uintx NonNMethodCodeHeapSize                   = 5830732                                {pd product} {ergonomic}
    uintx NonProfiledCodeHeapSize                  = 122913754                              {pd product} {ergonomic}
    uintx ProfiledCodeHeapSize                     = 122913754                              {pd product} {ergonomic}
    uintx ReservedCodeCacheSize                    = 251658240                              {pd product} {ergonomic}
     bool SegmentedCodeCache                       = true                                      {product} {ergonomic}
   size_t SoftMaxHeapSize                          = 998244352                              {manageable} {ergonomic}
     bool UseCompressedClassPointers               = true                                 {lp64_product} {ergonomic}
     bool UseCompressedOops                        = true                                 {lp64_product} {ergonomic}
     bool UseG1GC                                  = true                                      {product} {ergonomic}
     bool UseLargePagesIndividualAllocation        = false                                  {pd product} {ergonomic}

Logging:
Log output configuration:
 #0: stdout all=warning uptime,level,tags
 #1: stderr all=off uptime,level,tags

Environment Variables:
PATH=D:/Java/jdk-13/bin/server;D:/Java/jdk-13/bin;C:\Program Files\Microsoft MPI\Bin\;C:\Program Files (x86)\CollabNet;C:\Program Files (x86)\Embarcadero\Studio\15.0\bin;C:\Users\Public\Documents\Embarcadero\Studio\15.0\Bpl;C:\Program Files (x86)\Embarcadero\Studio\15.0\bin64;C:\Users\Public\Documents\Embarcadero\Studio\15.0\Bpl\Win64;C:\Program Files (x86)\Embarcadero\Studio\19.0\bin;C:\Users\Public\Documents\Embarcadero\Studio\19.0\Bpl;C:\Program Files (x86)\Embarcadero\Studio\19.0\bin64;C:\Users\Public\Documents\Embarcadero\Studio\19.0\Bpl\Win64;C:\WINDOWS\system32;C:\WINDOWS;C:\WINDOWS\System32\Wbem;C:\WINDOWS\System32\WindowsPowerShell\v1.0\;D:\Git\cmd;D:\WinowsKits\10\WindowsSDK\Windows Performance Toolkit\;D:\USR\php;C:\Program Files\dotnet\;C:\Program Files\Microsoft SQL Server\130\Tools\Binn\;C:\WINDOWS\System32\OpenSSH\;D:\GitExtensionsNew\;D:\codeblocks_new\MinGW\bin;D:\codeblocks_new\MinGW\bin\gcc.exe;D:\TDM-GCC-32\bin;D:\LyX 2.3\Perl\bin;D:\Java\jdk-13\bin;C:\Users\admin\AppData\Local\Microsoft\WindowsApps;D:\texlive\2018\bin\win32;;C:\Users\admin\AppData\Roaming\Microsoft\Windows\Start Menu\Programs\Eclipse;
USERNAME=admin
OS=Windows_NT
PROCESSOR_IDENTIFIER=Intel64 Family 6 Model 61 Stepping 4, GenuineIntel



---------------  S Y S T E M  ---------------

OS: Windows 10 , 64 bit Build 18362 (10.0.18362.1082)

CPU:total 4 (initial active 4) (2 cores per cpu, 2 threads per core) family 6 model 61 stepping 4, cmov, cx8, fxsr, mmx, sse, sse2, sse3, ssse3, sse4.1, sse4.2, popcnt, avx, avx2, aes, clmul, erms, 3dnowpref, lzcnt, ht, tsc, tscinvbit, bmi1, bmi2, adx, fma

Memory: 4k page, system-wide physical 3804M (311M free)
TotalPageFile size 15578M (AvailPageFile size 35M)
current process WorkingSet (physical memory assigned to process): 10M, peak: 10M
current process commit charge ("private bytes"): 51M, peak: 111M

vm_info: Java HotSpot(TM) 64-Bit Server VM (13+33) for windows-amd64 JRE (13+33), built on Sep 18 2019 21:38:00 by "mach5one" with unknown MS VC++:1916

END.
